Connecting to database specified by database.yml


Started GET "/assets/rails.png" for 127.0.0.1 at 2012-12-15 15:12:11 +0200
Connecting to database specified by database.yml
Served asset /rails.png - 200 OK (70ms)


Started GET "/rails/info/properties" for 127.0.0.1 at 2012-12-15 15:12:38 +0200
Processing by Rails::InfoController#properties as */*
  Rendered inline template (58.0ms)
Completed 200 OK in 289ms (Views: 288.0ms | ActiveRecord: 0.0ms)


Started GET "/post" for 127.0.0.1 at 2012-12-15 15:13:18 +0200

ActionController::RoutingError (No route matches [GET] "/post"):
  actionpack (3.2.8) lib/action_dispatch/middleware/debug_exceptions.rb:21:in `call'
  actionpack (3.2.8) lib/action_dispatch/middleware/show_exceptions.rb:56:in `call'
  railties (3.2.8) lib/rails/rack/logger.rb:26:in `call_app'
  railties (3.2.8) lib/rails/rack/logger.rb:16:in `call'
  actionpack (3.2.8) lib/action_dispatch/middleware/request_id.rb:22:in `call'
  rack (1.4.1) lib/rack/methodoverride.rb:21:in `call'
  rack (1.4.1) lib/rack/runtime.rb:17:in `call'
  activesupport (3.2.8) lib/active_support/cache/strategy/local_cache.rb:72:in `call'
  rack (1.4.1) lib/rack/lock.rb:15:in `call'
  actionpack (3.2.8) lib/action_dispatch/middleware/static.rb:62:in `call'
  railties (3.2.8) lib/rails/engine.rb:479:in `call'
  railties (3.2.8) lib/rails/application.rb:223:in `call'
  rack (1.4.1) lib/rack/content_length.rb:14:in `call'
  railties (3.2.8) lib/rails/rack/log_tailer.rb:17:in `call'
  rack (1.4.1) lib/rack/handler/webrick.rb:59:in `service'
  C:/RailsInstaller/Ruby1.9.3/lib/ruby/1.9.1/webrick/httpserver.rb:138:in `service'
  C:/RailsInstaller/Ruby1.9.3/lib/ruby/1.9.1/webrick/httpserver.rb:94:in `run'
  C:/RailsInstaller/Ruby1.9.3/lib/ruby/1.9.1/webrick/server.rb:191:in `block in start_thread'


  Rendered C:/RailsInstaller/Ruby1.9.3/lib/ruby/gems/1.9.1/gems/actionpack-3.2.8/lib/action_dispatch/middleware/templates/rescues/routing_error.erb within rescues/layout (0.0ms)
Connecting to database specified by database.yml
  [1m[36m (0.0ms)[0m  [1mselect sqlite_version(*)[0m
  [1m[35m (117.0ms)[0m  CREATE TABLE "schema_migrations" ("version" varchar(255) NOT NULL) 
  [1m[36m (0.0ms)[0m  [1mPRAGMA index_list("schema_migrations")[0m
  [1m[35m (110.0ms)[0m  CREATE UNIQUE INDEX "unique_schema_migrations" ON "schema_migrations" ("version")
  [1m[36m (0.0ms)[0m  [1mSELECT "schema_migrations"."version" FROM "schema_migrations" [0m
Migrating to CreatePosts (20121215130437)
  [1m[35m (0.0ms)[0m  begin transaction
  [1m[36m (2.0ms)[0m  [1mCREATE TABLE "posts" ("id" INTEGER PRIMARY KEY AUTOINCREMENT NOT NULL, "name" varchar(255), "title" varchar(255), "content" text, "created_at" datetime NOT NULL, "updated_at" datetime NOT NULL) [0m
  [1m[35m (0.0ms)[0m  INSERT INTO "schema_migrations" ("version") VALUES ('20121215130437')
  [1m[36m (155.0ms)[0m  [1mcommit transaction[0m
  [1m[35m (1.0ms)[0m  select sqlite_version(*)
  [1m[36m (0.0ms)[0m  [1mSELECT "schema_migrations"."version" FROM "schema_migrations" [0m
  [1m[35m (0.0ms)[0m  PRAGMA index_list("posts")


Started GET "/post" for 127.0.0.1 at 2012-12-15 15:17:34 +0200

ActionController::RoutingError (No route matches [GET] "/post"):
  actionpack (3.2.8) lib/action_dispatch/middleware/debug_exceptions.rb:21:in `call'
  actionpack (3.2.8) lib/action_dispatch/middleware/show_exceptions.rb:56:in `call'
  railties (3.2.8) lib/rails/rack/logger.rb:26:in `call_app'
  railties (3.2.8) lib/rails/rack/logger.rb:16:in `call'
  actionpack (3.2.8) lib/action_dispatch/middleware/request_id.rb:22:in `call'
  rack (1.4.1) lib/rack/methodoverride.rb:21:in `call'
  rack (1.4.1) lib/rack/runtime.rb:17:in `call'
  activesupport (3.2.8) lib/active_support/cache/strategy/local_cache.rb:72:in `call'
  rack (1.4.1) lib/rack/lock.rb:15:in `call'
  actionpack (3.2.8) lib/action_dispatch/middleware/static.rb:62:in `call'
  railties (3.2.8) lib/rails/engine.rb:479:in `call'
  railties (3.2.8) lib/rails/application.rb:223:in `call'
  rack (1.4.1) lib/rack/content_length.rb:14:in `call'
  railties (3.2.8) lib/rails/rack/log_tailer.rb:17:in `call'
  rack (1.4.1) lib/rack/handler/webrick.rb:59:in `service'
  C:/RailsInstaller/Ruby1.9.3/lib/ruby/1.9.1/webrick/httpserver.rb:138:in `service'
  C:/RailsInstaller/Ruby1.9.3/lib/ruby/1.9.1/webrick/httpserver.rb:94:in `run'
  C:/RailsInstaller/Ruby1.9.3/lib/ruby/1.9.1/webrick/server.rb:191:in `block in start_thread'


  Rendered C:/RailsInstaller/Ruby1.9.3/lib/ruby/gems/1.9.1/gems/actionpack-3.2.8/lib/action_dispatch/middleware/templates/rescues/routing_error.erb within rescues/layout (1.0ms)


Started GET "/posts" for 127.0.0.1 at 2012-12-15 15:18:00 +0200
Processing by PostsController#index as HTML
  [1m[36mPost Load (1.0ms)[0m  [1mSELECT "posts".* FROM "posts" [0m
  Rendered posts/index.html.erb within layouts/application (1.0ms)
Compiled posts.css  (101ms)  (pid 6328)
Compiled scaffolds.css  (17ms)  (pid 6328)
Compiled application.css  (195ms)  (pid 6328)
Compiled jquery.js  (4ms)  (pid 6328)
Compiled jquery_ujs.js  (0ms)  (pid 6328)
Compiled posts.js  (1102ms)  (pid 6328)
Compiled application.js  (1382ms)  (pid 6328)
Completed 200 OK in 2315ms (Views: 1875.1ms | ActiveRecord: 2.0ms)


Started GET "/assets/jquery.js?body=1" for 127.0.0.1 at 2012-12-15 15:18:02 +0200
Served asset /jquery.js - 200 OK (57ms)


Started GET "/assets/posts.css?body=1" for 127.0.0.1 at 2012-12-15 15:18:03 +0200
Served asset /posts.css - 200 OK (4ms)


Started GET "/assets/posts.js?body=1" for 127.0.0.1 at 2012-12-15 15:18:03 +0200
Served asset /posts.js - 200 OK (3ms)


Started GET "/assets/application.css?body=1" for 127.0.0.1 at 2012-12-15 15:18:03 +0200
Served asset /application.css - 200 OK (28ms)


Started GET "/assets/jquery_ujs.js?body=1" for 127.0.0.1 at 2012-12-15 15:18:03 +0200
Served asset /jquery_ujs.js - 200 OK (6ms)


Started GET "/assets/scaffolds.css?body=1" for 127.0.0.1 at 2012-12-15 15:18:03 +0200
Served asset /scaffolds.css - 200 OK (3ms)


Started GET "/assets/application.js?body=1" for 127.0.0.1 at 2012-12-15 15:18:03 +0200
Served asset /application.js - 200 OK (10ms)


Started GET "/posts/new" for 127.0.0.1 at 2012-12-15 15:18:16 +0200
Processing by PostsController#new as HTML
  Rendered posts/_form.html.erb (66.0ms)
  Rendered posts/new.html.erb within layouts/application (137.0ms)
Completed 200 OK in 159ms (Views: 152.0ms | ActiveRecord: 0.0ms)


Started POST "/posts" for 127.0.0.1 at 2012-12-15 15:18:35 +0200
Processing by PostsController#create as HTML
  Parameters: {"utf8"=>"✓", "authenticity_token"=>"UU+E5O7KFa1ZKyHS8EO4cxWfgWgxi2+yylNvHXbC52w=", "post"=>{"name"=>"yoni", "title"=>"Hi how are you", "content"=>"This is my first content"}, "commit"=>"Create Post"}
  [1m[35m (0.0ms)[0m  begin transaction
  [1m[36mSQL (278.0ms)[0m  [1mINSERT INTO "posts" ("content", "created_at", "name", "title", "updated_at") VALUES (?, ?, ?, ?, ?)[0m  [["content", "This is my first content"], ["created_at", Sat, 15 Dec 2012 13:18:35 UTC +00:00], ["name", "yoni"], ["title", "Hi how are you"], ["updated_at", Sat, 15 Dec 2012 13:18:35 UTC +00:00]]
  [1m[35m (136.0ms)[0m  commit transaction
Redirected to http://localhost:3000/posts/1
Completed 302 Found in 419ms (ActiveRecord: 414.0ms)


Started GET "/posts/1" for 127.0.0.1 at 2012-12-15 15:18:35 +0200
Processing by PostsController#show as HTML
  Parameters: {"id"=>"1"}
  [1m[36mPost Load (0.0ms)[0m  [1mSELECT "posts".* FROM "posts" WHERE "posts"."id" = ? LIMIT 1[0m  [["id", "1"]]
  Rendered posts/show.html.erb within layouts/application (2.0ms)
Completed 200 OK in 21ms (Views: 18.0ms | ActiveRecord: 0.0ms)


Started GET "/posts" for 127.0.0.1 at 2012-12-15 15:18:40 +0200
Processing by PostsController#index as HTML
  [1m[35mPost Load (0.0ms)[0m  SELECT "posts".* FROM "posts" 
  Rendered posts/index.html.erb within layouts/application (1.0ms)
Completed 200 OK in 16ms (Views: 15.0ms | ActiveRecord: 0.0ms)


Started GET "/posts/1" for 127.0.0.1 at 2012-12-15 15:18:57 +0200
Processing by PostsController#show as HTML
  Parameters: {"id"=>"1"}
  [1m[36mPost Load (0.0ms)[0m  [1mSELECT "posts".* FROM "posts" WHERE "posts"."id" = ? LIMIT 1[0m  [["id", "1"]]
  Rendered posts/show.html.erb within layouts/application (1.0ms)
Completed 200 OK in 17ms (Views: 15.0ms | ActiveRecord: 0.0ms)


Started GET "/posts" for 127.0.0.1 at 2012-12-15 15:18:58 +0200
Processing by PostsController#index as HTML
  [1m[35mPost Load (0.0ms)[0m  SELECT "posts".* FROM "posts" 
  Rendered posts/index.html.erb within layouts/application (1.0ms)
Completed 200 OK in 16ms (Views: 15.0ms | ActiveRecord: 0.0ms)


Started GET "/posts.json" for 127.0.0.1 at 2012-12-15 15:25:44 +0200
Processing by PostsController#index as JSON
  [1m[36mPost Load (0.0ms)[0m  [1mSELECT "posts".* FROM "posts" [0m
Completed 200 OK in 2ms (Views: 1.0ms | ActiveRecord: 0.0ms)


Started GET "/posts/1" for 127.0.0.1 at 2012-12-15 15:30:38 +0200
Processing by PostsController#show as HTML
  Parameters: {"id"=>"1"}
  [1m[35mPost Load (0.0ms)[0m  SELECT "posts".* FROM "posts" WHERE "posts"."id" = ? LIMIT 1  [["id", "1"]]
  Rendered posts/show.html.erb within layouts/application (0.0ms)
Completed 200 OK in 21ms (Views: 19.0ms | ActiveRecord: 0.0ms)


Started GET "/assets/application.css?body=1" for 127.0.0.1 at 2012-12-15 15:30:39 +0200
Served asset /application.css - 304 Not Modified (1ms)


Started GET "/assets/posts.css?body=1" for 127.0.0.1 at 2012-12-15 15:30:39 +0200
Served asset /posts.css - 304 Not Modified (0ms)


Started GET "/assets/scaffolds.css?body=1" for 127.0.0.1 at 2012-12-15 15:30:39 +0200
Served asset /scaffolds.css - 304 Not Modified (0ms)


Started GET "/assets/posts.js?body=1" for 127.0.0.1 at 2012-12-15 15:30:39 +0200
Served asset /posts.js - 304 Not Modified (0ms)


Started GET "/assets/application.js?body=1" for 127.0.0.1 at 2012-12-15 15:30:39 +0200
Served asset /application.js - 304 Not Modified (0ms)


Started GET "/posts/2" for 127.0.0.1 at 2012-12-15 15:30:45 +0200
Processing by PostsController#show as HTML
  Parameters: {"id"=>"2"}
  [1m[36mPost Load (0.0ms)[0m  [1mSELECT "posts".* FROM "posts" WHERE "posts"."id" = ? LIMIT 1[0m  [["id", "2"]]
Completed 500 Internal Server Error in 1ms

ActiveRecord::RecordNotFound (Couldn't find Post with id=2):
  app/controllers/posts_controller.rb:16:in `show'


  Rendered C:/RailsInstaller/Ruby1.9.3/lib/ruby/gems/1.9.1/gems/actionpack-3.2.8/lib/action_dispatch/middleware/templates/rescues/_trace.erb (1.0ms)
  Rendered C:/RailsInstaller/Ruby1.9.3/lib/ruby/gems/1.9.1/gems/actionpack-3.2.8/lib/action_dispatch/middleware/templates/rescues/_request_and_response.erb (1.0ms)
  Rendered C:/RailsInstaller/Ruby1.9.3/lib/ruby/gems/1.9.1/gems/actionpack-3.2.8/lib/action_dispatch/middleware/templates/rescues/diagnostics.erb within rescues/layout (120.0ms)


Started GET "/posts" for 127.0.0.1 at 2012-12-15 15:30:57 +0200
Processing by PostsController#index as HTML
  [1m[35mPost Load (0.0ms)[0m  SELECT "posts".* FROM "posts" 
  Rendered posts/index.html.erb within layouts/application (2.0ms)
Completed 200 OK in 18ms (Views: 17.0ms | ActiveRecord: 0.0ms)


Started GET "/assets/posts.css?body=1" for 127.0.0.1 at 2012-12-15 15:30:57 +0200
Served asset /posts.css - 304 Not Modified (0ms)


Started GET "/assets/application.css?body=1" for 127.0.0.1 at 2012-12-15 15:30:57 +0200
Served asset /application.css - 304 Not Modified (0ms)


Started GET "/assets/scaffolds.css?body=1" for 127.0.0.1 at 2012-12-15 15:30:58 +0200
Served asset /scaffolds.css - 304 Not Modified (0ms)


Started GET "/assets/posts.js?body=1" for 127.0.0.1 at 2012-12-15 15:30:58 +0200
Served asset /posts.js - 304 Not Modified (0ms)


Started GET "/assets/application.js?body=1" for 127.0.0.1 at 2012-12-15 15:30:58 +0200
Served asset /application.js - 304 Not Modified (0ms)


Started GET "/posts/new" for 127.0.0.1 at 2012-12-15 15:32:09 +0200
Processing by PostsController#new as HTML
  Rendered posts/_form.html.erb (3.0ms)
  Rendered posts/new.html.erb within layouts/application (6.0ms)
Completed 200 OK in 20ms (Views: 20.0ms | ActiveRecord: 0.0ms)


Started GET "/assets/application.css?body=1" for 127.0.0.1 at 2012-12-15 15:32:09 +0200
Served asset /application.css - 304 Not Modified (1ms)


Started GET "/assets/posts.css?body=1" for 127.0.0.1 at 2012-12-15 15:32:09 +0200
Served asset /posts.css - 304 Not Modified (1ms)


Started GET "/assets/scaffolds.css?body=1" for 127.0.0.1 at 2012-12-15 15:32:09 +0200
Served asset /scaffolds.css - 304 Not Modified (0ms)


Started GET "/assets/application.js?body=1" for 127.0.0.1 at 2012-12-15 15:32:09 +0200
Served asset /application.js - 304 Not Modified (0ms)


Started GET "/assets/posts.js?body=1" for 127.0.0.1 at 2012-12-15 15:32:09 +0200
Served asset /posts.js - 304 Not Modified (1ms)


Started POST "/posts" for 127.0.0.1 at 2012-12-15 15:33:22 +0200
Processing by PostsController#create as HTML
  Parameters: {"utf8"=>"✓", "authenticity_token"=>"UU+E5O7KFa1ZKyHS8EO4cxWfgWgxi2+yylNvHXbC52w=", "post"=>{"name"=>"fj", "title"=>"sdk", "content"=>"ksjdjsk"}, "commit"=>"Create Post"}
  [1m[36m (1.0ms)[0m  [1mbegin transaction[0m
  [1m[35mSQL (2.0ms)[0m  INSERT INTO "posts" ("content", "created_at", "name", "title", "updated_at") VALUES (?, ?, ?, ?, ?)  [["content", "ksjdjsk"], ["created_at", Sat, 15 Dec 2012 13:33:22 UTC +00:00], ["name", "fj"], ["title", "sdk"], ["updated_at", Sat, 15 Dec 2012 13:33:22 UTC +00:00]]
  [1m[36m (85.0ms)[0m  [1mcommit transaction[0m
Redirected to http://localhost:3000/posts/2
Completed 302 Found in 89ms (ActiveRecord: 88.0ms)


Started GET "/posts/2" for 127.0.0.1 at 2012-12-15 15:33:22 +0200
Processing by PostsController#show as HTML
  Parameters: {"id"=>"2"}
  [1m[35mPost Load (0.0ms)[0m  SELECT "posts".* FROM "posts" WHERE "posts"."id" = ? LIMIT 1  [["id", "2"]]
  Rendered posts/show.html.erb within layouts/application (1.0ms)
Completed 200 OK in 16ms (Views: 15.0ms | ActiveRecord: 0.0ms)


Started GET "/assets/application.css?body=1" for 127.0.0.1 at 2012-12-15 15:33:23 +0200
Served asset /application.css - 304 Not Modified (0ms)


Started GET "/assets/posts.css?body=1" for 127.0.0.1 at 2012-12-15 15:33:23 +0200
Served asset /posts.css - 304 Not Modified (0ms)


Started GET "/assets/scaffolds.css?body=1" for 127.0.0.1 at 2012-12-15 15:33:23 +0200
Served asset /scaffolds.css - 304 Not Modified (0ms)


Started GET "/assets/posts.js?body=1" for 127.0.0.1 at 2012-12-15 15:33:23 +0200
Served asset /posts.js - 304 Not Modified (0ms)


Started GET "/assets/application.js?body=1" for 127.0.0.1 at 2012-12-15 15:33:23 +0200
Served asset /application.js - 304 Not Modified (0ms)


Started GET "/posts" for 127.0.0.1 at 2012-12-15 15:33:41 +0200
Processing by PostsController#index as HTML
  [1m[36mPost Load (0.0ms)[0m  [1mSELECT "posts".* FROM "posts" [0m
  Rendered posts/index.html.erb within layouts/application (2.0ms)
Completed 200 OK in 18ms (Views: 16.0ms | ActiveRecord: 0.0ms)


Started GET "/assets/application.css?body=1" for 127.0.0.1 at 2012-12-15 15:33:41 +0200
Served asset /application.css - 304 Not Modified (0ms)


Started GET "/assets/posts.css?body=1" for 127.0.0.1 at 2012-12-15 15:33:41 +0200
Served asset /posts.css - 304 Not Modified (0ms)


Started GET "/assets/scaffolds.css?body=1" for 127.0.0.1 at 2012-12-15 15:33:41 +0200
Served asset /scaffolds.css - 304 Not Modified (0ms)


Started GET "/assets/posts.js?body=1" for 127.0.0.1 at 2012-12-15 15:33:41 +0200
Served asset /posts.js - 304 Not Modified (1ms)


Started GET "/assets/application.js?body=1" for 127.0.0.1 at 2012-12-15 15:33:41 +0200
Served asset /application.js - 304 Not Modified (0ms)


Started DELETE "/posts/2" for 127.0.0.1 at 2012-12-15 15:33:47 +0200
Processing by PostsController#destroy as HTML
  Parameters: {"authenticity_token"=>"UU+E5O7KFa1ZKyHS8EO4cxWfgWgxi2+yylNvHXbC52w=", "id"=>"2"}
  [1m[35mPost Load (0.0ms)[0m  SELECT "posts".* FROM "posts" WHERE "posts"."id" = ? LIMIT 1  [["id", "2"]]
  [1m[36m (0.0ms)[0m  [1mbegin transaction[0m
  [1m[35mSQL (1.0ms)[0m  DELETE FROM "posts" WHERE "posts"."id" = ?  [["id", 2]]
  [1m[36m (85.0ms)[0m  [1mcommit transaction[0m
Redirected to http://localhost:3000/posts
Completed 302 Found in 90ms (ActiveRecord: 86.0ms)


Started GET "/posts" for 127.0.0.1 at 2012-12-15 15:33:47 +0200
Processing by PostsController#index as HTML
  [1m[35mPost Load (1.0ms)[0m  SELECT "posts".* FROM "posts" 
  Rendered posts/index.html.erb within layouts/application (1.0ms)
Completed 200 OK in 41ms (Views: 40.0ms | ActiveRecord: 1.0ms)


Started GET "/assets/application.css?body=1" for 127.0.0.1 at 2012-12-15 15:33:48 +0200
Served asset /application.css - 304 Not Modified (1ms)


Started GET "/assets/posts.css?body=1" for 127.0.0.1 at 2012-12-15 15:33:48 +0200
Served asset /posts.css - 304 Not Modified (0ms)


Started GET "/assets/scaffolds.css?body=1" for 127.0.0.1 at 2012-12-15 15:33:48 +0200
Served asset /scaffolds.css - 304 Not Modified (0ms)


Started GET "/assets/posts.js?body=1" for 127.0.0.1 at 2012-12-15 15:33:48 +0200
Served asset /posts.js - 304 Not Modified (0ms)


Started GET "/assets/application.js?body=1" for 127.0.0.1 at 2012-12-15 15:33:48 +0200
Served asset /application.js - 304 Not Modified (0ms)
